<?xml version="1.0" encoding="UTF-8"?>
<testng-results ignored="0" total="1" passed="1" failed="0" skipped="0">
  <reporter-output>
  </reporter-output>
  <suite started-at="2024-10-21T21:07:36 GMT+03:00" name="Default suite" finished-at="2024-10-21T21:08:00 GMT+03:00" duration-ms="24635">
    <groups>
    </groups>
    <test started-at="2024-10-21T21:07:36 GMT+03:00" name="Default test" finished-at="2024-10-21T21:08:00 GMT+03:00" duration-ms="24635">
      <class name="seleniumBascis.MyTestproject">
        <test-method is-config="true" signature="MySetup()[pri:0, instance:seleniumBascis.MyTestproject@12bd8a64]" started-at="2024-10-21T21:07:36 GMT+03:00" name="MySetup" finished-at="2024-10-21T21:07:51 GMT+03:00" duration-ms="15340" status="PASS">
          <reporter-output>
          </reporter-output>
        </test-method> <!-- MySetup -->
        <test-method signature="SignUp()[pri:1, instance:seleniumBascis.MyTestproject@12bd8a64]" started-at="2024-10-21T21:07:51 GMT+03:00" name="SignUp" finished-at="2024-10-21T21:08:00 GMT+03:00" duration-ms="9138" status="PASS">
          <reporter-output>
          </reporter-output>
        </test-method> <!-- SignUp -->
      </class> <!-- seleniumBascis.MyTestproject -->
    </test> <!-- Default test -->
  </suite> <!-- Default suite -->
</testng-results>
